<?xml version="1.0" encoding="UTF-8"?>
<!-- Generated by org.testng.reporters.JUnitReportReporter -->
<testsuite hostname="LAPTOP-95HB9TGV" failures="0" tests="2" name="Academy.Calculator" time="895.796" errors="0" timestamp="2022-07-06T11:39:14 IST" skipped="0">
  <testcase classname="Academy.Calculator" name="basePageNavigation" time="2.161"/>
  <system-out/>
  <testcase classname="Academy.Calculator" name="startOver" time="893.635"/>
  <system-out/>
</testsuite> <!-- Academy.Calculator -->
