<?xml version="1.0" encoding="UTF-8"?>
<!-- Generated by org.testng.reporters.JUnitReportReporter -->
<testsuite hostname="LAPTOP-95HB9TGV" failures="0" tests="1" name="Academy.HomePage" time="4.803" errors="0" timestamp="2022-07-05T19:22:21 IST" skipped="0">
  <testcase classname="Academy.HomePage" name="basePageNavigation" time="4.803"/>
  <system-out/>
</testsuite> <!-- Academy.HomePage -->
