<?xml version="1.0" encoding="UTF-8"?>
<!-- Generated by org.testng.reporters.JUnitReportReporter -->
<testsuite hostname="LAPTOP-95HB9TGV" failures="0" tests="2" name="anz.Calculator" time="4.328" errors="0" timestamp="2022-07-06T17:02:20 IST" skipped="0">
  <testcase classname="anz.Calculator" name="validateMessageForLivingExpense" time="1.531"/>
  <system-out/>
  <testcase classname="anz.Calculator" name="basePageNavigation" time="2.797"/>
  <system-out/>
</testsuite> <!-- anz.Calculator -->
