<?xml version="1.0" encoding="UTF-8"?>
<!-- Generated by org.testng.reporters.JUnitReportReporter -->
<testsuite hostname="LAPTOP-95HB9TGV" failures="0" tests="1" name="Academy.validateNavigationBar" time="0.040" errors="0" timestamp="2022-07-05T19:07:31 IST" skipped="0">
  <testcase classname="Academy.validateNavigationBar" name="validateAppNavBar" time="0.040"/>
  <system-out/>
</testsuite> <!-- Academy.validateNavigationBar -->
